<?xml version="1.0" encoding="UTF-8"?>
<testng-results ignored="0" total="2" passed="2" failed="0" skipped="0">
  <reporter-output>
  </reporter-output>
  <suite started-at="2024-12-25T13:42:55 IST" name="Suite" finished-at="2024-12-25T13:43:11 IST" duration-ms="15887">
    <groups>
      <group name="Master">
        <method signature="TC001_AccountRegistrationTest.test_Account_Registration()[pri:0, instance:testCases.TC001_AccountRegistrationTest@338c99c8]" name="test_Account_Registration" class="testCases.TC001_AccountRegistrationTest"/>
        <method signature="TC002_LoginTest.verify_Login()[pri:0, instance:testCases.TC002_LoginTest@b4711e2]" name="verify_Login" class="testCases.TC002_LoginTest"/>
      </group> <!-- Master -->
      <group name="Sanity">
        <method signature="TC002_LoginTest.verify_Login()[pri:0, instance:testCases.TC002_LoginTest@b4711e2]" name="verify_Login" class="testCases.TC002_LoginTest"/>
      </group> <!-- Sanity -->
      <group name="Regression">
        <method signature="TC001_AccountRegistrationTest.test_Account_Registration()[pri:0, instance:testCases.TC001_AccountRegistrationTest@338c99c8]" name="test_Account_Registration" class="testCases.TC001_AccountRegistrationTest"/>
      </group> <!-- Regression -->
    </groups>
    <test started-at="2024-12-25T13:42:55 IST" name="Test" finished-at="2024-12-25T13:43:11 IST" duration-ms="15887">
      <class name="testCases.TC002_LoginTest">
        <test-method is-config="true" signature="setup(java.lang.String,java.lang.String)[pri:0, instance:testCases.TC002_LoginTest@b4711e2]" started-at="2024-12-25T13:43:05 IST" name="setup" finished-at="2024-12-25T13:43:08 IST" duration-ms="3288" status="PASS">
          <params>
            <param index="0">
              <value>
                <![CDATA[Windows]]>
              </value>
            </param>
            <param index="1">
              <value>
                <![CDATA[chrome]]>
              </value>
            </param>
          </params>
          <reporter-output>
          </reporter-output>
        </test-method> <!-- setup -->
        <test-method signature="verify_Login()[pri:0, instance:testCases.TC002_LoginTest@b4711e2]" started-at="2024-12-25T13:43:08 IST" name="verify_Login" finished-at="2024-12-25T13:43:10 IST" duration-ms="2361" status="PASS">
          <reporter-output>
          </reporter-output>
        </test-method> <!-- verify_Login -->
        <test-method is-config="true" signature="tearDown()[pri:0, instance:testCases.TC002_LoginTest@b4711e2]" started-at="2024-12-25T13:43:10 IST" name="tearDown" finished-at="2024-12-25T13:43:11 IST" duration-ms="403" status="PASS">
          <reporter-output>
          </reporter-output>
        </test-method> <!-- tearDown -->
      </class> <!-- testCases.TC002_LoginTest -->
      <class name="testCases.TC001_AccountRegistrationTest">
        <test-method is-config="true" signature="setup(java.lang.String,java.lang.String)[pri:0, instance:testCases.TC001_AccountRegistrationTest@338c99c8]" started-at="2024-12-25T13:42:55 IST" name="setup" finished-at="2024-12-25T13:43:01 IST" duration-ms="5707" status="PASS">
          <params>
            <param index="0">
              <value>
                <![CDATA[Windows]]>
              </value>
            </param>
            <param index="1">
              <value>
                <![CDATA[chrome]]>
              </value>
            </param>
          </params>
          <reporter-output>
          </reporter-output>
        </test-method> <!-- setup -->
        <test-method signature="test_Account_Registration()[pri:0, instance:testCases.TC001_AccountRegistrationTest@338c99c8]" started-at="2024-12-25T13:43:01 IST" name="test_Account_Registration" finished-at="2024-12-25T13:43:04 IST" duration-ms="3244" status="PASS">
          <reporter-output>
          </reporter-output>
        </test-method> <!-- test_Account_Registration -->
        <test-method is-config="true" signature="tearDown()[pri:0, instance:testCases.TC001_AccountRegistrationTest@338c99c8]" started-at="2024-12-25T13:43:04 IST" name="tearDown" finished-at="2024-12-25T13:43:05 IST" duration-ms="305" status="PASS">
          <reporter-output>
          </reporter-output>
        </test-method> <!-- tearDown -->
      </class> <!-- testCases.TC001_AccountRegistrationTest -->
    </test> <!-- Test -->
  </suite> <!-- Suite -->
</testng-results>
