<?xml version="1.0" encoding="UTF-8"?>
<testng-results ignored="0" total="2" passed="2" failed="0" skipped="0">
  <reporter-output>
  </reporter-output>
  <suite started-at="2024-12-24T19:19:28 IST" name="Suite" finished-at="2024-12-24T19:20:07 IST" duration-ms="39039">
    <groups>
      <group name="Master">
        <method signature="TC001_AccountRegistrationTest.test_Account_Registration()[pri:0, instance:testCases.TC001_AccountRegistrationTest@30d4b288]" name="test_Account_Registration" class="testCases.TC001_AccountRegistrationTest"/>
        <method signature="TC002_LoginTest.verify_Login()[pri:0, instance:testCases.TC002_LoginTest@590c73d3]" name="verify_Login" class="testCases.TC002_LoginTest"/>
      </group> <!-- Master -->
      <group name="Sanity">
        <method signature="TC002_LoginTest.verify_Login()[pri:0, instance:testCases.TC002_LoginTest@590c73d3]" name="verify_Login" class="testCases.TC002_LoginTest"/>
      </group> <!-- Sanity -->
      <group name="Regression">
        <method signature="TC001_AccountRegistrationTest.test_Account_Registration()[pri:0, instance:testCases.TC001_AccountRegistrationTest@30d4b288]" name="test_Account_Registration" class="testCases.TC001_AccountRegistrationTest"/>
      </group> <!-- Regression -->
    </groups>
    <test started-at="2024-12-24T19:19:28 IST" name="Linux-Chrome" finished-at="2024-12-24T19:20:07 IST" duration-ms="39039">
      <class name="testCases.TC002_LoginTest">
        <test-method is-config="true" signature="setup(java.lang.String,java.lang.String)[pri:0, instance:testCases.TC002_LoginTest@590c73d3]" started-at="2024-12-24T19:20:00 IST" name="setup" finished-at="2024-12-24T19:20:04 IST" duration-ms="3996" status="PASS">
          <params>
            <param index="0">
              <value>
                <![CDATA[Linux]]>
              </value>
            </param>
            <param index="1">
              <value>
                <![CDATA[chrome]]>
              </value>
            </param>
          </params>
          <reporter-output>
          </reporter-output>
        </test-method> <!-- setup -->
        <test-method signature="verify_Login()[pri:0, instance:testCases.TC002_LoginTest@590c73d3]" started-at="2024-12-24T19:20:04 IST" name="verify_Login" finished-at="2024-12-24T19:20:07 IST" duration-ms="3134" status="PASS">
          <reporter-output>
          </reporter-output>
        </test-method> <!-- verify_Login -->
        <test-method is-config="true" signature="tearDown()[pri:0, instance:testCases.TC002_LoginTest@590c73d3]" started-at="2024-12-24T19:20:07 IST" name="tearDown" finished-at="2024-12-24T19:20:07 IST" duration-ms="155" status="PASS">
          <reporter-output>
          </reporter-output>
        </test-method> <!-- tearDown -->
      </class> <!-- testCases.TC002_LoginTest -->
      <class name="testCases.TC001_AccountRegistrationTest">
        <test-method is-config="true" signature="setup(java.lang.String,java.lang.String)[pri:0, instance:testCases.TC001_AccountRegistrationTest@30d4b288]" started-at="2024-12-24T19:19:28 IST" name="setup" finished-at="2024-12-24T19:19:52 IST" duration-ms="23940" status="PASS">
          <params>
            <param index="0">
              <value>
                <![CDATA[Linux]]>
              </value>
            </param>
            <param index="1">
              <value>
                <![CDATA[chrome]]>
              </value>
            </param>
          </params>
          <reporter-output>
          </reporter-output>
        </test-method> <!-- setup -->
        <test-method signature="test_Account_Registration()[pri:0, instance:testCases.TC001_AccountRegistrationTest@30d4b288]" started-at="2024-12-24T19:19:52 IST" name="test_Account_Registration" finished-at="2024-12-24T19:19:59 IST" duration-ms="6835" status="PASS">
          <reporter-output>
          </reporter-output>
        </test-method> <!-- test_Account_Registration -->
        <test-method is-config="true" signature="tearDown()[pri:0, instance:testCases.TC001_AccountRegistrationTest@30d4b288]" started-at="2024-12-24T19:19:59 IST" name="tearDown" finished-at="2024-12-24T19:20:00 IST" duration-ms="331" status="PASS">
          <reporter-output>
          </reporter-output>
        </test-method> <!-- tearDown -->
      </class> <!-- testCases.TC001_AccountRegistrationTest -->
    </test> <!-- Linux-Chrome -->
  </suite> <!-- Suite -->
</testng-results>
